2gua.rainbow-brackets
ahmadawais.shades-of-purple
cipchk.cssrem
CoenraadS.bracket-pair-colorizer
dbaeumer.vscode-eslint
dracula-theme.theme-dracula
eamodio.gitlens
efoerster.texlab
emmanuelbeziat.vscode-great-icons
esbenp.prettier-vscode
flowtype.flow-for-vscode
huangbaoshan.comment-aligner
kleber-swf.unity-code-snippets
ms-azuretools.vscode-docker
ms-dotnettools.csharp
ms-python.python
naumovs.color-highlight
nemesarial.dust
oderwat.indent-rainbow
redhat.vscode-xml
rmnl.theme-solarized-flat-dark
stylelint.vscode-stylelint
timonwong.shellcheck
TomiTurtiainen.js-complexity-analysis
TomiTurtiainen.rf-intellisense
tomoki1207.pdf
torn4dom4n.latex-support
Tyriar.lorem-ipsum
Unity.unity-debug
xabikos.JavaScriptSnippets
