2gua.rainbow-brackets
ahmadawais.shades-of-purple
ChakrounAnas.turbo-console-log
cipchk.cssrem
CoenraadS.bracket-pair-colorizer
dbaeumer.vscode-eslint
dracula-theme.theme-dracula
eamodio.gitlens
efoerster.texlab
emmanuelbeziat.vscode-great-icons
esbenp.prettier-vscode
flowtype.flow-for-vscode
ginfuru.ginfuru-vscode-jekyll-syntax
huangbaoshan.comment-aligner
kleber-swf.unity-code-snippets
ms-azuretools.vscode-docker
ms-dotnettools.csharp
ms-python.python
ms-python.vscode-pylance
ms-toolsai.jupyter
naumovs.color-highlight
nemesarial.dust
redhat.vscode-commons
redhat.vscode-xml
richie5um2.vscode-sort-json
rmnl.theme-solarized-flat-dark
stylelint.vscode-stylelint
teabyii.ayu
timonwong.shellcheck
TomiTurtiainen.js-complexity-analysis
TomiTurtiainen.rf-intellisense
tomoki1207.pdf
torn4dom4n.latex-support
Tyriar.lorem-ipsum
Unity.unity-debug
wayou.vscode-todo-highlight
whatwedo.twig
xabikos.JavaScriptSnippets
